<?xml version="1.0" encoding="UTF-8"?>
<testng-results skipped="0" failed="0" ignored="0" total="1" passed="1">
  <reporter-output>
  </reporter-output>
  <suite name="Suite" duration-ms="155" started-at="2019-11-14T09:03:06Z" finished-at="2019-11-14T09:03:06Z">
    <groups>
    </groups>
    <test name="Test" duration-ms="155" started-at="2019-11-14T09:03:06Z" finished-at="2019-11-14T09:03:06Z">
      <class name="com.tests.DemoCl">
        <test-method status="PASS" signature="tc1()[pri:0, instance:com.tests.DemoCl@1810399e]" name="tc1" duration-ms="47" started-at="2019-11-14T09:03:06Z" finished-at="2019-11-14T09:03:06Z">
          <reporter-output>
          </reporter-output>
        </test-method> <!-- tc1 -->
      </class> <!-- com.tests.DemoCl -->
    </test> <!-- Test -->
  </suite> <!-- Suite -->
</testng-results>
